<?xml version="1.0" encoding="UTF-8"?>
<!--
  ~ This file is subject to the terms and conditions defined in
  ~ file 'LICENSE', which is part of this source code package
  ~
  ~ Author: Felipe González Alarcón
  ~ email: felipe.gonzalezalarcon94@gmail.com
  ~
  ~ Copyright (c) 2024
  ~
  ~ Project: AAID
  ~ Module: AAID
  ~ Last modified: 12-10-24, 21:20
  -->

<testsuites>
    <testsuite name="fastlane.lanes">


        <testcase name="0: default_platform" classname="fastlane.lanes" time="0.0018647">

        </testcase>


        <testcase name="1: clean" classname="fastlane.lanes" time="5.0801819">

        </testcase>


        <testcase name="2: bundleRelease" classname="fastlane.lanes" time="26.1077438">

            <failure
                message="C:/Users/Felipe/.local/share/gem/ruby/3.3.0/gems/fastlane-2.224.0/fastlane/lib/fastlane/actions/actions_helper.rb:67:in `execute_action&apos;&#10;C:/Users/Felipe/.local/share/gem/ruby/3.3.0/gems/fastlane-2.224.0/fastlane/lib/fastlane/runner.rb:255:in `block in execute_action&apos;&#10;C:/Users/Felipe/.local/share/gem/ruby/3.3.0/gems/fastlane-2.224.0/fastlane/lib/fastlane/runner.rb:229:in `chdir&apos;&#10;C:/Users/Felipe/.local/share/gem/ruby/3.3.0/gems/fastlane-2.224.0/fastlane/lib/fastlane/runner.rb:229:in `execute_action&apos;&#10;C:/Users/Felipe/.local/share/gem/ruby/3.3.0/gems/fastlane-2.224.0/fastlane/lib/fastlane/runner.rb:157:in `trigger_action_by_name&apos;&#10;C:/Users/Felipe/.local/share/gem/ruby/3.3.0/gems/fastlane-2.224.0/fastlane/lib/fastlane/fast_file.rb:159:in `method_missing&apos;&#10;Fastfile:60:in `block (2 levels) in parsing_binding&apos;&#10;C:/Users/Felipe/.local/share/gem/ruby/3.3.0/gems/fastlane-2.224.0/fastlane/lib/fastlane/lane.rb:41:in `call&apos;&#10;C:/Users/Felipe/.local/share/gem/ruby/3.3.0/gems/fastlane-2.224.0/fastlane/lib/fastlane/runner.rb:49:in `block in execute&apos;&#10;C:/Users/Felipe/.local/share/gem/ruby/3.3.0/gems/fastlane-2.224.0/fastlane/lib/fastlane/runner.rb:45:in `chdir&apos;&#10;C:/Users/Felipe/.local/share/gem/ruby/3.3.0/gems/fastlane-2.224.0/fastlane/lib/fastlane/runner.rb:45:in `execute&apos;&#10;C:/Users/Felipe/.local/share/gem/ruby/3.3.0/gems/fastlane-2.224.0/fastlane/lib/fastlane/lane_manager.rb:46:in `cruise_lane&apos;&#10;C:/Users/Felipe/.local/share/gem/ruby/3.3.0/gems/fastlane-2.224.0/fastlane/lib/fastlane/command_line_handler.rb:34:in `handle&apos;&#10;C:/Users/Felipe/.local/share/gem/ruby/3.3.0/gems/fastlane-2.224.0/fastlane/lib/fastlane/commands_generator.rb:110:in `block (2 levels) in run&apos;&#10;C:/Users/Felipe/.local/share/gem/ruby/3.3.0/gems/commander-4.6.0/lib/commander/command.rb:187:in `call&apos;&#10;C:/Users/Felipe/.local/share/gem/ruby/3.3.0/gems/commander-4.6.0/lib/commander/command.rb:157:in `run&apos;&#10;C:/Users/Felipe/.local/share/gem/ruby/3.3.0/gems/commander-4.6.0/lib/commander/runner.rb:444:in `run_active_command&apos;&#10;C:/Users/Felipe/.local/share/gem/ruby/3.3.0/gems/fastlane-2.224.0/fastlane_core/lib/fastlane_core/ui/fastlane_runner.rb:124:in `run!&apos;&#10;C:/Users/Felipe/.local/share/gem/ruby/3.3.0/gems/commander-4.6.0/lib/commander/delegates.rb:18:in `run!&apos;&#10;C:/Users/Felipe/.local/share/gem/ruby/3.3.0/gems/fastlane-2.224.0/fastlane/lib/fastlane/commands_generator.rb:363:in `run&apos;&#10;C:/Users/Felipe/.local/share/gem/ruby/3.3.0/gems/fastlane-2.224.0/fastlane/lib/fastlane/commands_generator.rb:43:in `start&apos;&#10;C:/Users/Felipe/.local/share/gem/ruby/3.3.0/gems/fastlane-2.224.0/fastlane/lib/fastlane/cli_tools_distributor.rb:123:in `take_off&apos;&#10;C:/Users/Felipe/.local/share/gem/ruby/3.3.0/gems/fastlane-2.224.0/bin/fastlane:23:in `&lt;top (required)&gt;&apos;&#10;C:/Users/Felipe/AppData/Local/Microsoft/WindowsApps/fastlane:25:in `load&apos;&#10;C:/Users/Felipe/AppData/Local/Microsoft/WindowsApps/fastlane:25:in `&lt;main&gt;&apos;&#10;&#10;Exit status of command &apos;D:/Felipe/Escritorio/Proyectos/figonzal/android/AAID/gradlew bundleRelease -p . -Pandroid.injected.signing.store.file=&quot;&quot; -Pandroid.injected.signing.store.password=&quot;&quot; -Pandroid.injected.signing.key.alias=&quot;&quot; -Pandroid.injected.signing.key.password=&quot;&quot;&apos; was 1 instead of 0.&#10;&gt; Task :app:preBuild UP-TO-DATE&#10;&gt; Task :app:preReleaseBuild UP-TO-DATE&#10;&gt; Task :app:generateReleaseFeatureMetadata&#10;&gt; Task :app:buildKotlinToolingMetadata&#10;&gt; Task :app:checkKotlinGradlePluginConfigurationErrors SKIPPED&#10;&gt; Task :app:generateReleaseBuildConfig&#10;&gt; Task :app:generateReleaseResValues&#10;&gt; Task :app:injectCrashlyticsMappingFileIdRelease&#10;&gt; Task :app:processReleaseGoogleServices&#10;&gt; Task :app:mapReleaseSourceSetPaths&#10;&gt; Task :app:generateReleaseResources&#10;&gt; Task :app:mergeReleaseArtProfile&#10;&gt; Task :app:checkReleaseAarMetadata&#10;&gt; Task :app:checkReleaseDuplicateClasses&#10;&gt; Task :app:packageReleaseResources&#10;&gt; Task :app:createReleaseCompatibleScreenManifests&#10;&gt; Task :app:extractDeepLinksRelease&#10;&gt; Task :app:parseReleaseLocalResources&#10;&gt; Task :app:processReleaseMainManifest&#10;&gt; Task :app:processReleaseManifest&#10;&gt; Task :app:processReleaseManifestForPackage&#10;&gt; Task :app:javaPreCompileRelease&#10;&gt; Task :app:extractProguardFiles&#10;&gt; Task :app:mergeReleaseStartupProfile&#10;&gt; Task :app:processApplicationManifestReleaseForBundle&#10;&gt; Task :app:extractReleaseVersionControlInfo&#10;&gt; Task :app:mergeReleaseShaders&#10;&gt; Task :app:compileReleaseShaders NO-SOURCE&#10;&gt; Task :app:generateReleaseAssets UP-TO-DATE&#10;&gt; Task :app:mergeReleaseAssets&#10;&gt; Task :app:mergeReleaseJniLibFolders&#10;&gt; Task :app:writeReleaseAppMetadata&#10;&gt; Task :app:mergeReleaseNativeLibs&#10;&gt; Task :app:mergeReleaseResources&#10;&gt; Task :app:collectReleaseDependencies&#10;&gt; Task :app:configureReleaseDependencies&#10;&gt; Task :app:validateSigningRelease FAILED&#10;&gt; Task :app:parseReleaseIntegrityConfig&#10;&#10;&gt; Task :app:stripReleaseDebugSymbols&#10;Unable to strip the following libraries, packaging them as they are: libandroidx.graphics.path.so.&#10;&#10;&gt; Task :app:processReleaseResources&#10;&#10;FAILURE: Build failed with an exception.&#10;&#10;* What went wrong:&#10;Execution failed for task &apos;:app:validateSigningRelease&apos;.&#10;&gt; Keystore file &apos;D:\Felipe\.gradle\daemon\8.7&apos; not found for signing config &apos;externalOverride&apos;.&#10;&#10;* Try:&#10;&gt; Run with --stacktrace option to get the stack trace.&#10;&gt; Run with --info or --debug option to get more log output.&#10;&gt; Run with --scan to get full insights.&#10;&gt; Get more help at https://help.gradle.org.&#10;&#10;BUILD FAILED in 25s&#10;35 actionable tasks: 35 executed&#10;" />

        </testcase>

    </testsuite>
</testsuites>
